G:\VS2008 Project\HardDiskSearch\HardDiskSearch\Debug\cl.command.1.tlog
G:\VS2008 Project\HardDiskSearch\HardDiskSearch\Debug\CL.read.1.tlog
G:\VS2008 Project\HardDiskSearch\HardDiskSearch\Debug\CL.write.1.tlog
G:\VS2008 Project\HardDiskSearch\HardDiskSearch\Debug\custombuild.command.1.tlog
G:\VS2008 Project\HardDiskSearch\HardDiskSearch\Debug\custombuild.read.1.tlog
G:\VS2008 Project\HardDiskSearch\HardDiskSearch\Debug\custombuild.write.1.tlog
G:\VS2008 PROJECT\HARDDISKSEARCH\HARDDISKSEARCH\DEBUG\HARDDISKSEARCH.EXE.INTERMEDIATE.MANIFEST
G:\VS2008 PROJECT\HARDDISKSEARCH\HARDDISKSEARCH\DEBUG\HARDDISKSEARCH.OBJ
G:\VS2008 Project\HardDiskSearch\HardDiskSearch\Debug\link.command.1.tlog
G:\VS2008 Project\HardDiskSearch\HardDiskSearch\Debug\link.read.1.tlog
G:\VS2008 Project\HardDiskSearch\HardDiskSearch\Debug\link.write.1.tlog
G:\VS2008 PROJECT\HARDDISKSEARCH\HARDDISKSEARCH\DEBUG\MAIN.OBJ
G:\VS2008 PROJECT\HARDDISKSEARCH\HARDDISKSEARCH\DEBUG\MOC_HARDDISKSEARCH.OBJ
G:\VS2008 Project\HardDiskSearch\HardDiskSearch\Debug\mt.command.1.tlog
G:\VS2008 Project\HardDiskSearch\HardDiskSearch\Debug\mt.read.1.tlog
G:\VS2008 Project\HardDiskSearch\HardDiskSearch\Debug\mt.write.1.tlog
G:\VS2008 PROJECT\HARDDISKSEARCH\HARDDISKSEARCH\DEBUG\QRC_HARDDISKSEARCH.OBJ
G:\VS2008 PROJECT\HARDDISKSEARCH\HARDDISKSEARCH\DEBUG\VC100.PDB
G:\VS2008 PROJECT\HARDDISKSEARCH\HARDDISKSEARCH\GENERATEDFILES\DEBUG\MOC_HARDDISKSEARCH.CPP
G:\VS2008 PROJECT\HARDDISKSEARCH\HARDDISKSEARCH\GENERATEDFILES\QRC_HARDDISKSEARCH.CPP
G:\VS2008 PROJECT\HARDDISKSEARCH\HARDDISKSEARCH\GENERATEDFILES\UI_HARDDISKSEARCH.H
G:\VS2008 PROJECT\HARDDISKSEARCH\WIN32\DEBUG\HARDDISKSEARCH.EXE
G:\VS2008 PROJECT\HARDDISKSEARCH\WIN32\DEBUG\HARDDISKSEARCH.ILK
G:\VS2008 PROJECT\HARDDISKSEARCH\WIN32\DEBUG\HARDDISKSEARCH.PDB
